<?xml version="1.0" encoding="UTF-8"?>
<!-- Generated by org.testng.reporters.JUnitReportReporter -->
<testsuite hostname="DESKTOP-PSQAKN1" name="com.ch.occ.test.LogInTest" tests="1" failures="0" timestamp="8 Feb 2017 11:12:24 GMT" time="0.001" errors="1">
  <testcase name="login" time="0.001" classname="com.ch.occ.test.LogInTest">
    <error type="java.lang.Error" message="Unresolved compilation problems: 
	browserName cannot be resolved to a variable
	browserName cannot be resolved to a variable
	browserName cannot be resolved
	browserName cannot be resolved
	browserName cannot be resolved
	browserName cannot be resolved
	browserName cannot be resolved
	browserName cannot be resolved
">
      <![CDATA[java.lang.Error: Unresolved compilation problems: 
	browserName cannot be resolved to a variable
	browserName cannot be resolved to a variable
	browserName cannot be resolved
	browserName cannot be resolved
	browserName cannot be resolved
	browserName cannot be resolved
	browserName cannot be resolved
	browserName cannot be resolved

	at com.ch.occ.utils.DriverFactory.webInstance(DriverFactory.java:53)
	at com.ch.occ.utils.ParallelFactory.beforeInvocation(ParallelFactory.java:28)
	at org.testng.internal.invokers.InvokedMethodListenerInvoker$InvokeBeforeInvocationWithoutContextStrategy.callMethod(InvokedMethodListenerInvoker.java:84)
	at org.testng.internal.invokers.InvokedMethodListenerInvoker.invokeListener(InvokedMethodListenerInvoker.java:62)
	at org.testng.internal.Invoker.runInvokedMethodListeners(Invoker.java:552)
	at org.testng.internal.Invoker.invokeConfigurationMethod(Invoker.java:489)
	at org.testng.internal.Invoker.invokeConfigurations(Invoker.java:211)
	at org.testng.internal.Invoker.invokeMethod(Invoker.java:585)
	at org.testng.internal.Invoker.invokeTestMethod(Invoker.java:816)
	at org.testng.internal.Invoker.invokeTestMethods(Invoker.java:1124)
	at org.testng.internal.TestMethodWorker.invokeTestMethods(TestMethodWorker.java:125)
	at org.testng.internal.TestMethodWorker.run(TestMethodWorker.java:108)
	at org.testng.TestRunner.privateRun(TestRunner.java:774)
	at org.testng.TestRunner.run(TestRunner.java:624)
	at org.testng.SuiteRunner.runTest(SuiteRunner.java:359)
	at org.testng.SuiteRunner.access$000(SuiteRunner.java:39)
	at org.testng.SuiteRunner$SuiteWorker.run(SuiteRunner.java:393)
	at org.testng.internal.thread.ThreadUtil$2.call(ThreadUtil.java:64)
	at java.util.concurrent.FutureTask.run(Unknown Source)
	at java.util.concurrent.ThreadPoolExecutor.runWorker(Unknown Source)
	at java.util.concurrent.ThreadPoolExecutor$Worker.run(Unknown Source)
	at java.lang.Thread.run(Unknown Source)
]]>
    </error>
  </testcase> <!-- login -->
</testsuite> <!-- com.ch.occ.test.LogInTest -->
