<?xml version="1.0" encoding="UTF-8"?>
<!-- Generated by org.testng.reporters.JUnitReportReporter -->
<testsuite hostname="DESKTOP-PSQAKN1" name="com.ch.occ.test.CheckoutWithOurFrameWork" tests="4" failures="0" timestamp="22 Feb 2017 15:46:15 GMT" time="602.854" errors="0">
  <testcase name="checkEntVaildDataShipAddFieldsAndAllMantFields" time="143.756" classname="com.ch.occ.test.CheckoutWithOurFrameWork"/>
  <testcase name="billAddressFilledAllFieldsToCheckout" time="136.374" classname="com.ch.occ.test.CheckoutWithOurFrameWork"/>
  <testcase name="verifyFieldsInCheckoutPage" time="164.027" classname="com.ch.occ.test.CheckoutWithOurFrameWork"/>
  <testcase name="allFieldsBlankInCheckByLoguser" time="158.697" classname="com.ch.occ.test.CheckoutWithOurFrameWork"/>
</testsuite> <!-- com.ch.occ.test.CheckoutWithOurFrameWork -->
